-------------------------------------------------------------------------------
Test set: com.informatorio.myblog.MyblogApplicationTests
-------------------------------------------------------------------------------
Tests run: 1, Failures: 0, Errors: 1, Skipped: 0, Time elapsed: 27.502 s <<< FAILURE! - in com.informatorio.myblog.MyblogApplicationTests
contextLoads  Time elapsed: 0.003 s  <<< ERROR!
java.lang.IllegalStateException: Failed to load ApplicationContext
Caused by: org.springframework.beans.factory.BeanCreationException: 
Error creating bean with name 'requestMappingHandlerMapping' defined in class path resource [org/springframework/boot/autoconfigure/web/servlet/WebMvcAutoConfiguration$EnableWebMvcConfiguration.class]: Invocation of init method failed; nested exception is java.lang.IllegalStateException: Ambiguous mapping. Cannot map 'postController' method 
com.informatorio.myblog.controller.PostController#getPosts()
to {GET [/api/v1/post]}: There is already 'commentController' bean method
com.informatorio.myblog.controller.CommentController#getComment() mapped.
Caused by: java.lang.IllegalStateException: 
Ambiguous mapping. Cannot map 'postController' method 
com.informatorio.myblog.controller.PostController#getPosts()
to {GET [/api/v1/post]}: There is already 'commentController' bean method
com.informatorio.myblog.controller.CommentController#getComment() mapped.

